2024-11-21 10:36:10,449 [Worker-5: Loading available Gradle versions] INFO  o.e.b.c.i.u.g.PublishedGradleVersions - Gradle version information cache is up-to-date. Trying to read.
2024-11-22 09:56:21,361 [Worker-8: Loading available Gradle versions] INFO  o.e.b.c.i.u.g.PublishedGradleVersions - Gradle version information cache is out-of-date. Trying to update.
2024-11-23 10:31:06,631 [Worker-13: Loading available Gradle versions] INFO  o.e.b.c.i.u.g.PublishedGradleVersions - Gradle version information cache is out-of-date. Trying to update.
2024-11-25 09:55:31,730 [Worker-4: Loading available Gradle versions] INFO  o.e.b.c.i.u.g.PublishedGradleVersions - Gradle version information cache is out-of-date. Trying to update.
2024-11-26 10:28:08,880 [Worker-3: Loading available Gradle versions] INFO  o.e.b.c.i.u.g.PublishedGradleVersions - Gradle version information cache is out-of-date. Trying to update.
2024-11-27 10:08:22,320 [Worker-4: Loading available Gradle versions] INFO  o.e.b.c.i.u.g.PublishedGradleVersions - Gradle version information cache is up-to-date. Trying to read.
2024-11-28 10:13:22,972 [Worker-4: Loading available Gradle versions] INFO  o.e.b.c.i.u.g.PublishedGradleVersions - Gradle version information cache is up-to-date. Trying to read.
2024-11-29 10:44:01,255 [Worker-5: Loading available Gradle versions] INFO  o.e.b.c.i.u.g.PublishedGradleVersions - Gradle version information cache is out-of-date. Trying to update.
2024-12-02 10:07:37,077 [Worker-7: Loading available Gradle versions] INFO  o.e.b.c.i.u.g.PublishedGradleVersions - Gradle version information cache is out-of-date. Trying to update.
2024-12-03 10:30:12,959 [Worker-7: Loading available Gradle versions] INFO  o.e.b.c.i.u.g.PublishedGradleVersions - Gradle version information cache is out-of-date. Trying to update.
2024-12-04 10:13:39,081 [Worker-4: Loading available Gradle versions] INFO  o.e.b.c.i.u.g.PublishedGradleVersions - Gradle version information cache is up-to-date. Trying to read.
2024-12-04 12:47:50,704 [Worker-1: Loading available Gradle versions] INFO  o.e.b.c.i.u.g.PublishedGradleVersions - Gradle version information cache is out-of-date. Trying to update.
2024-12-05 10:33:48,605 [Worker-18: Loading available Gradle versions] INFO  o.e.b.c.i.u.g.PublishedGradleVersions - Gradle version information cache is up-to-date. Trying to read.
2024-12-05 11:59:46,525 [Worker-2: Loading available Gradle versions] INFO  o.e.b.c.i.u.g.PublishedGradleVersions - Gradle version information cache is up-to-date. Trying to read.
2024-12-06 09:55:58,933 [Worker-5: Loading available Gradle versions] INFO  o.e.b.c.i.u.g.PublishedGradleVersions - Gradle version information cache is up-to-date. Trying to read.
2024-12-06 12:14:31,612 [Worker-17: Loading available Gradle versions] INFO  o.e.b.c.i.u.g.PublishedGradleVersions - Gradle version information cache is up-to-date. Trying to read.
2024-12-07 10:06:18,048 [Worker-6: Loading available Gradle versions] INFO  o.e.b.c.i.u.g.PublishedGradleVersions - Gradle version information cache is out-of-date. Trying to update.
2024-12-09 10:26:39,749 [Worker-3: Loading available Gradle versions] INFO  o.e.b.c.i.u.g.PublishedGradleVersions - Gradle version information cache is out-of-date. Trying to update.
2024-12-10 10:14:27,220 [Worker-14: Loading available Gradle versions] INFO  o.e.b.c.i.u.g.PublishedGradleVersions - Gradle version information cache is up-to-date. Trying to read.
2024-12-11 10:07:38,430 [Worker-16: Loading available Gradle versions] INFO  o.e.b.c.i.u.g.PublishedGradleVersions - Gradle version information cache is up-to-date. Trying to read.
2024-12-11 10:22:17,719 [Worker-30: Launching mavenrun-aa2464c3-5762-452c-8d32-8094c946001c] INFO  o.eclipse.m2e.core.internal.Bundles - getClasspathEntries(Bundle=org.eclipse.m2e.maven.runtime_3.9.700.20240602-2313 [642])
2024-12-11 10:22:17,746 [Worker-30: Launching mavenrun-aa2464c3-5762-452c-8d32-8094c946001c] INFO  o.eclipse.m2e.core.internal.Bundles - 	Entry: C:\Users\asdas\.p2\pool\plugins\org.eclipse.m2e.maven.runtime_3.9.700.20240602-2313
2024-12-11 10:22:17,747 [Worker-30: Launching mavenrun-aa2464c3-5762-452c-8d32-8094c946001c] INFO  o.eclipse.m2e.core.internal.Bundles - 	Entry: C:\Users\asdas\.p2\pool\plugins\org.eclipse.m2e.maven.runtime_3.9.700.20240602-2313\jars\aopalliance-1.0.jar
2024-12-11 10:22:17,747 [Worker-30: Launching mavenrun-aa2464c3-5762-452c-8d32-8094c946001c] INFO  o.eclipse.m2e.core.internal.Bundles - 	Entry: C:\Users\asdas\.p2\pool\plugins\org.eclipse.m2e.maven.runtime_3.9.700.20240602-2313\jars\guice-5.1.0.jar
2024-12-11 10:22:17,747 [Worker-30: Launching mavenrun-aa2464c3-5762-452c-8d32-8094c946001c] INFO  o.eclipse.m2e.core.internal.Bundles - 	Entry: C:\Users\asdas\.p2\pool\plugins\org.eclipse.m2e.maven.runtime_3.9.700.20240602-2313\jars\httpclient-4.5.14.jar
2024-12-11 10:22:17,748 [Worker-30: Launching mavenrun-aa2464c3-5762-452c-8d32-8094c946001c] INFO  o.eclipse.m2e.core.internal.Bundles - 	Entry: C:\Users\asdas\.p2\pool\plugins\org.eclipse.m2e.maven.runtime_3.9.700.20240602-2313\jars\httpcore-4.4.16.jar
2024-12-11 10:22:17,748 [Worker-30: Launching mavenrun-aa2464c3-5762-452c-8d32-8094c946001c] INFO  o.eclipse.m2e.core.internal.Bundles - 	Entry: C:\Users\asdas\.p2\pool\plugins\org.eclipse.m2e.maven.runtime_3.9.700.20240602-2313\jars\jansi-2.4.1.jar
2024-12-11 10:22:17,748 [Worker-30: Launching mavenrun-aa2464c3-5762-452c-8d32-8094c946001c] INFO  o.eclipse.m2e.core.internal.Bundles - 	Entry: C:\Users\asdas\.p2\pool\plugins\org.eclipse.m2e.maven.runtime_3.9.700.20240602-2313\jars\jcl-over-slf4j-1.7.36.jar
2024-12-11 10:22:17,748 [Worker-30: Launching mavenrun-aa2464c3-5762-452c-8d32-8094c946001c] INFO  o.eclipse.m2e.core.internal.Bundles - 	Entry: C:\Users\asdas\.p2\pool\plugins\org.eclipse.m2e.maven.runtime_3.9.700.20240602-2313\jars\maven-artifact-3.9.7.jar
2024-12-11 10:22:17,748 [Worker-30: Launching mavenrun-aa2464c3-5762-452c-8d32-8094c946001c] INFO  o.eclipse.m2e.core.internal.Bundles - 	Entry: C:\Users\asdas\.p2\pool\plugins\org.eclipse.m2e.maven.runtime_3.9.700.20240602-2313\jars\maven-builder-support-3.9.7.jar
2024-12-11 10:22:17,749 [Worker-30: Launching mavenrun-aa2464c3-5762-452c-8d32-8094c946001c] INFO  o.eclipse.m2e.core.internal.Bundles - 	Entry: C:\Users\asdas\.p2\pool\plugins\org.eclipse.m2e.maven.runtime_3.9.700.20240602-2313\jars\maven-compat-3.9.7.jar
2024-12-11 10:22:17,749 [Worker-30: Launching mavenrun-aa2464c3-5762-452c-8d32-8094c946001c] INFO  o.eclipse.m2e.core.internal.Bundles - 	Entry: C:\Users\asdas\.p2\pool\plugins\org.eclipse.m2e.maven.runtime_3.9.700.20240602-2313\jars\maven-core-3.9.7.jar
2024-12-11 10:22:17,749 [Worker-30: Launching mavenrun-aa2464c3-5762-452c-8d32-8094c946001c] INFO  o.eclipse.m2e.core.internal.Bundles - 	Entry: C:\Users\asdas\.p2\pool\plugins\org.eclipse.m2e.maven.runtime_3.9.700.20240602-2313\jars\maven-embedder-3.9.7.jar
2024-12-11 10:22:17,749 [Worker-30: Launching mavenrun-aa2464c3-5762-452c-8d32-8094c946001c] INFO  o.eclipse.m2e.core.internal.Bundles - 	Entry: C:\Users\asdas\.p2\pool\plugins\org.eclipse.m2e.maven.runtime_3.9.700.20240602-2313\jars\maven-model-3.9.7.jar
2024-12-11 10:22:17,749 [Worker-30: Launching mavenrun-aa2464c3-5762-452c-8d32-8094c946001c] INFO  o.eclipse.m2e.core.internal.Bundles - 	Entry: C:\Users\asdas\.p2\pool\plugins\org.eclipse.m2e.maven.runtime_3.9.700.20240602-2313\jars\maven-model-builder-3.9.7.jar
2024-12-11 10:22:17,750 [Worker-30: Launching mavenrun-aa2464c3-5762-452c-8d32-8094c946001c] INFO  o.eclipse.m2e.core.internal.Bundles - 	Entry: C:\Users\asdas\.p2\pool\plugins\org.eclipse.m2e.maven.runtime_3.9.700.20240602-2313\jars\maven-plugin-api-3.9.7.jar
2024-12-11 10:22:17,750 [Worker-30: Launching mavenrun-aa2464c3-5762-452c-8d32-8094c946001c] INFO  o.eclipse.m2e.core.internal.Bundles - 	Entry: C:\Users\asdas\.p2\pool\plugins\org.eclipse.m2e.maven.runtime_3.9.700.20240602-2313\jars\maven-repository-metadata-3.9.7.jar
2024-12-11 10:22:17,750 [Worker-30: Launching mavenrun-aa2464c3-5762-452c-8d32-8094c946001c] INFO  o.eclipse.m2e.core.internal.Bundles - 	Entry: C:\Users\asdas\.p2\pool\plugins\org.eclipse.m2e.maven.runtime_3.9.700.20240602-2313\jars\maven-resolver-api-1.9.20.jar
2024-12-11 10:22:17,750 [Worker-30: Launching mavenrun-aa2464c3-5762-452c-8d32-8094c946001c] INFO  o.eclipse.m2e.core.internal.Bundles - 	Entry: C:\Users\asdas\.p2\pool\plugins\org.eclipse.m2e.maven.runtime_3.9.700.20240602-2313\jars\maven-resolver-connector-basic-1.9.20.jar
2024-12-11 10:22:17,750 [Worker-30: Launching mavenrun-aa2464c3-5762-452c-8d32-8094c946001c] INFO  o.eclipse.m2e.core.internal.Bundles - 	Entry: C:\Users\asdas\.p2\pool\plugins\org.eclipse.m2e.maven.runtime_3.9.700.20240602-2313\jars\maven-resolver-impl-1.9.20.jar
2024-12-11 10:22:17,751 [Worker-30: Launching mavenrun-aa2464c3-5762-452c-8d32-8094c946001c] INFO  o.eclipse.m2e.core.internal.Bundles - 	Entry: C:\Users\asdas\.p2\pool\plugins\org.eclipse.m2e.maven.runtime_3.9.700.20240602-2313\jars\maven-resolver-named-locks-1.9.20.jar
2024-12-11 10:22:17,751 [Worker-30: Launching mavenrun-aa2464c3-5762-452c-8d32-8094c946001c] INFO  o.eclipse.m2e.core.internal.Bundles - 	Entry: C:\Users\asdas\.p2\pool\plugins\org.eclipse.m2e.maven.runtime_3.9.700.20240602-2313\jars\maven-resolver-provider-3.9.7.jar
2024-12-11 10:22:17,751 [Worker-30: Launching mavenrun-aa2464c3-5762-452c-8d32-8094c946001c] INFO  o.eclipse.m2e.core.internal.Bundles - 	Entry: C:\Users\asdas\.p2\pool\plugins\org.eclipse.m2e.maven.runtime_3.9.700.20240602-2313\jars\maven-resolver-spi-1.9.20.jar
2024-12-11 10:22:17,751 [Worker-30: Launching mavenrun-aa2464c3-5762-452c-8d32-8094c946001c] INFO  o.eclipse.m2e.core.internal.Bundles - 	Entry: C:\Users\asdas\.p2\pool\plugins\org.eclipse.m2e.maven.runtime_3.9.700.20240602-2313\jars\maven-resolver-transport-file-1.9.20.jar
2024-12-11 10:22:17,752 [Worker-30: Launching mavenrun-aa2464c3-5762-452c-8d32-8094c946001c] INFO  o.eclipse.m2e.core.internal.Bundles - 	Entry: C:\Users\asdas\.p2\pool\plugins\org.eclipse.m2e.maven.runtime_3.9.700.20240602-2313\jars\maven-resolver-transport-http-1.9.20.jar
2024-12-11 10:22:17,752 [Worker-30: Launching mavenrun-aa2464c3-5762-452c-8d32-8094c946001c] INFO  o.eclipse.m2e.core.internal.Bundles - 	Entry: C:\Users\asdas\.p2\pool\plugins\org.eclipse.m2e.maven.runtime_3.9.700.20240602-2313\jars\maven-resolver-transport-wagon-1.9.20.jar
2024-12-11 10:22:17,752 [Worker-30: Launching mavenrun-aa2464c3-5762-452c-8d32-8094c946001c] INFO  o.eclipse.m2e.core.internal.Bundles - 	Entry: C:\Users\asdas\.p2\pool\plugins\org.eclipse.m2e.maven.runtime_3.9.700.20240602-2313\jars\maven-resolver-util-1.9.20.jar
2024-12-11 10:22:17,753 [Worker-30: Launching mavenrun-aa2464c3-5762-452c-8d32-8094c946001c] INFO  o.eclipse.m2e.core.internal.Bundles - 	Entry: C:\Users\asdas\.p2\pool\plugins\org.eclipse.m2e.maven.runtime_3.9.700.20240602-2313\jars\maven-settings-3.9.7.jar
2024-12-11 10:22:17,753 [Worker-30: Launching mavenrun-aa2464c3-5762-452c-8d32-8094c946001c] INFO  o.eclipse.m2e.core.internal.Bundles - 	Entry: C:\Users\asdas\.p2\pool\plugins\org.eclipse.m2e.maven.runtime_3.9.700.20240602-2313\jars\maven-settings-builder-3.9.7.jar
2024-12-11 10:22:17,753 [Worker-30: Launching mavenrun-aa2464c3-5762-452c-8d32-8094c946001c] INFO  o.eclipse.m2e.core.internal.Bundles - 	Entry: C:\Users\asdas\.p2\pool\plugins\org.eclipse.m2e.maven.runtime_3.9.700.20240602-2313\jars\maven-shared-utils-3.4.2.jar
2024-12-11 10:22:17,753 [Worker-30: Launching mavenrun-aa2464c3-5762-452c-8d32-8094c946001c] INFO  o.eclipse.m2e.core.internal.Bundles - 	Entry: C:\Users\asdas\.p2\pool\plugins\org.eclipse.m2e.maven.runtime_3.9.700.20240602-2313\jars\org.eclipse.sisu.inject-0.9.0.M2.jar
2024-12-11 10:22:17,754 [Worker-30: Launching mavenrun-aa2464c3-5762-452c-8d32-8094c946001c] INFO  o.eclipse.m2e.core.internal.Bundles - 	Entry: C:\Users\asdas\.p2\pool\plugins\org.eclipse.m2e.maven.runtime_3.9.700.20240602-2313\jars\org.eclipse.sisu.plexus-0.9.0.M2.jar
2024-12-11 10:22:17,754 [Worker-30: Launching mavenrun-aa2464c3-5762-452c-8d32-8094c946001c] INFO  o.eclipse.m2e.core.internal.Bundles - 	Entry: C:\Users\asdas\.p2\pool\plugins\org.eclipse.m2e.maven.runtime_3.9.700.20240602-2313\jars\plexus-build-api-0.0.7.jar
2024-12-11 10:22:17,754 [Worker-30: Launching mavenrun-aa2464c3-5762-452c-8d32-8094c946001c] INFO  o.eclipse.m2e.core.internal.Bundles - 	Entry: C:\Users\asdas\.p2\pool\plugins\org.eclipse.m2e.maven.runtime_3.9.700.20240602-2313\jars\plexus-build-api-1.2.0.jar
2024-12-11 10:22:17,754 [Worker-30: Launching mavenrun-aa2464c3-5762-452c-8d32-8094c946001c] INFO  o.eclipse.m2e.core.internal.Bundles - 	Entry: C:\Users\asdas\.p2\pool\plugins\org.eclipse.m2e.maven.runtime_3.9.700.20240602-2313\jars\plexus-cipher-2.0.jar
2024-12-11 10:22:17,755 [Worker-30: Launching mavenrun-aa2464c3-5762-452c-8d32-8094c946001c] INFO  o.eclipse.m2e.core.internal.Bundles - 	Entry: C:\Users\asdas\.p2\pool\plugins\org.eclipse.m2e.maven.runtime_3.9.700.20240602-2313\jars\plexus-classworlds-2.8.0.jar
2024-12-11 10:22:17,755 [Worker-30: Launching mavenrun-aa2464c3-5762-452c-8d32-8094c946001c] INFO  o.eclipse.m2e.core.internal.Bundles - 	Entry: C:\Users\asdas\.p2\pool\plugins\org.eclipse.m2e.maven.runtime_3.9.700.20240602-2313\jars\plexus-component-annotations-2.1.0.jar
2024-12-11 10:22:17,755 [Worker-30: Launching mavenrun-aa2464c3-5762-452c-8d32-8094c946001c] INFO  o.eclipse.m2e.core.internal.Bundles - 	Entry: C:\Users\asdas\.p2\pool\plugins\org.eclipse.m2e.maven.runtime_3.9.700.20240602-2313\jars\plexus-interpolation-1.27.jar
2024-12-11 10:22:17,756 [Worker-30: Launching mavenrun-aa2464c3-5762-452c-8d32-8094c946001c] INFO  o.eclipse.m2e.core.internal.Bundles - 	Entry: C:\Users\asdas\.p2\pool\plugins\org.eclipse.m2e.maven.runtime_3.9.700.20240602-2313\jars\plexus-sec-dispatcher-2.0.jar
2024-12-11 10:22:17,756 [Worker-30: Launching mavenrun-aa2464c3-5762-452c-8d32-8094c946001c] INFO  o.eclipse.m2e.core.internal.Bundles - 	Entry: C:\Users\asdas\.p2\pool\plugins\org.eclipse.m2e.maven.runtime_3.9.700.20240602-2313\jars\plexus-utils-3.5.1.jar
2024-12-11 10:22:17,756 [Worker-30: Launching mavenrun-aa2464c3-5762-452c-8d32-8094c946001c] INFO  o.eclipse.m2e.core.internal.Bundles - 	Entry: C:\Users\asdas\.p2\pool\plugins\org.eclipse.m2e.maven.runtime_3.9.700.20240602-2313\jars\wagon-file-3.5.3.jar
2024-12-11 10:22:17,757 [Worker-30: Launching mavenrun-aa2464c3-5762-452c-8d32-8094c946001c] INFO  o.eclipse.m2e.core.internal.Bundles - 	Entry: C:\Users\asdas\.p2\pool\plugins\org.eclipse.m2e.maven.runtime_3.9.700.20240602-2313\jars\wagon-http-3.5.3.jar
2024-12-11 10:22:17,757 [Worker-30: Launching mavenrun-aa2464c3-5762-452c-8d32-8094c946001c] INFO  o.eclipse.m2e.core.internal.Bundles - 	Entry: C:\Users\asdas\.p2\pool\plugins\org.eclipse.m2e.maven.runtime_3.9.700.20240602-2313\jars\wagon-http-shared-3.5.3.jar
2024-12-11 10:22:17,757 [Worker-30: Launching mavenrun-aa2464c3-5762-452c-8d32-8094c946001c] INFO  o.eclipse.m2e.core.internal.Bundles - 	Entry: C:\Users\asdas\.p2\pool\plugins\org.eclipse.m2e.maven.runtime_3.9.700.20240602-2313\jars\wagon-provider-api-3.5.3.jar
2024-12-11 10:22:17,760 [Worker-30: Launching mavenrun-aa2464c3-5762-452c-8d32-8094c946001c] INFO  o.eclipse.m2e.core.internal.Bundles - getClasspathEntries(Bundle=com.google.guava_33.2.0.jre [16])
2024-12-11 10:22:17,762 [Worker-30: Launching mavenrun-aa2464c3-5762-452c-8d32-8094c946001c] INFO  o.eclipse.m2e.core.internal.Bundles - 	Entry: C:\Users\asdas\.p2\pool\plugins\com.google.guava_33.2.0.jre.jar
2024-12-11 10:22:17,762 [Worker-30: Launching mavenrun-aa2464c3-5762-452c-8d32-8094c946001c] INFO  o.eclipse.m2e.core.internal.Bundles - getClasspathEntries(Bundle=slf4j.api_2.0.13 [1007])
2024-12-11 10:22:17,762 [Worker-30: Launching mavenrun-aa2464c3-5762-452c-8d32-8094c946001c] INFO  o.eclipse.m2e.core.internal.Bundles - 	Entry: C:\Users\asdas\.p2\pool\plugins\slf4j.api_2.0.13.jar
2024-12-11 10:22:17,762 [Worker-30: Launching mavenrun-aa2464c3-5762-452c-8d32-8094c946001c] INFO  o.eclipse.m2e.core.internal.Bundles - getClasspathEntries(Bundle=jakarta.inject.jakarta.inject-api_1.0.5 [33])
2024-12-11 10:22:17,764 [Worker-30: Launching mavenrun-aa2464c3-5762-452c-8d32-8094c946001c] INFO  o.eclipse.m2e.core.internal.Bundles - 	Entry: C:\Users\asdas\.p2\pool\plugins\jakarta.inject.jakarta.inject-api_1.0.5.jar
2024-12-11 10:22:17,764 [Worker-30: Launching mavenrun-aa2464c3-5762-452c-8d32-8094c946001c] INFO  o.eclipse.m2e.core.internal.Bundles - getClasspathEntries(Bundle=javax.annotation_1.3.5.v20200909-1856 [44])
2024-12-11 10:22:17,765 [Worker-30: Launching mavenrun-aa2464c3-5762-452c-8d32-8094c946001c] INFO  o.eclipse.m2e.core.internal.Bundles - 	Entry: C:\Users\asdas\.p2\pool\plugins\javax.annotation_1.3.5.v20200909-1856.jar
2024-12-11 10:22:17,765 [Worker-30: Launching mavenrun-aa2464c3-5762-452c-8d32-8094c946001c] INFO  o.eclipse.m2e.core.internal.Bundles - getClasspathEntries(Bundle=org.apache.commons.cli_1.8.0 [78])
2024-12-11 10:22:17,766 [Worker-30: Launching mavenrun-aa2464c3-5762-452c-8d32-8094c946001c] INFO  o.eclipse.m2e.core.internal.Bundles - 	Entry: C:\Users\asdas\.p2\pool\plugins\org.apache.commons.cli_1.8.0.jar
2024-12-11 10:22:17,766 [Worker-30: Launching mavenrun-aa2464c3-5762-452c-8d32-8094c946001c] INFO  o.eclipse.m2e.core.internal.Bundles - getClasspathEntries(Bundle=org.apache.commons.commons-codec_1.16.0 [81])
2024-12-11 10:22:17,767 [Worker-30: Launching mavenrun-aa2464c3-5762-452c-8d32-8094c946001c] INFO  o.eclipse.m2e.core.internal.Bundles - 	Entry: C:\Users\asdas\.p2\pool\plugins\org.apache.commons.commons-codec_1.16.0.jar
2024-12-11 10:22:17,767 [Worker-30: Launching mavenrun-aa2464c3-5762-452c-8d32-8094c946001c] INFO  o.eclipse.m2e.core.internal.Bundles - getClasspathEntries(Bundle=org.apache.commons.lang3_3.14.0 [89])
2024-12-11 10:22:17,768 [Worker-30: Launching mavenrun-aa2464c3-5762-452c-8d32-8094c946001c] INFO  o.eclipse.m2e.core.internal.Bundles - 	Entry: C:\Users\asdas\.p2\pool\plugins\org.apache.commons.lang3_3.14.0.jar
2024-12-11 10:22:17,768 [Worker-30: Launching mavenrun-aa2464c3-5762-452c-8d32-8094c946001c] INFO  o.eclipse.m2e.core.internal.Bundles - getClasspathEntries(Bundle=com.google.guava.failureaccess_1.0.2 [17])
2024-12-11 10:22:17,768 [Worker-30: Launching mavenrun-aa2464c3-5762-452c-8d32-8094c946001c] INFO  o.eclipse.m2e.core.internal.Bundles - 	Entry: C:\Users\asdas\.p2\pool\plugins\com.google.guava.failureaccess_1.0.2.jar
2024-12-11 10:22:17,791 [Worker-30: Launching mavenrun-aa2464c3-5762-452c-8d32-8094c946001c] INFO  o.e.m.i.launch.MavenLaunchDelegate - Run build in "C:\Users\asdas\AppData\Local\Temp\m2e-archetypeGenerator3126431174420506776":
2024-12-11 10:22:17,798 [Worker-30: Launching mavenrun-aa2464c3-5762-452c-8d32-8094c946001c] INFO  o.e.m.i.launch.MavenLaunchDelegate -  mvn  -DarchetypeGroupId=org.apache.maven.archetypes -DarchetypeArtifactId=maven-archetype-quickstart -DarchetypeVersion=1.1 -DgroupId=com.edubridge -DartifactId=maven_project1 -Dversion=0.0.1-SNAPSHOT -Dpackage=com.edubridge.maven_project1 -DoutputDirectory=C:\eclipse_workspace_11980 -B -Dstyle.color=always -U archetype:generate
2024-12-11 10:23:31,106 [Worker-28: Creating maven-archetype-quickstart] INFO  o.e.m.c.i.p.ProjectConfigurationManager - Collecting project info '/pom.xml' C:\eclipse_workspace_11980\maven_project1\pom.xml
2024-12-11 10:23:33,492 [Worker-28: Creating maven-archetype-quickstart] INFO  o.e.m.c.i.l.LifecycleMappingFactory - Using org.eclipse.m2e.jdt.JarLifecycleMapping lifecycle mapping for MavenProject: com.edubridge:maven_project1:0.0.1-SNAPSHOT @ C:\eclipse_workspace_11980\maven_project1\pom.xml.
2024-12-11 10:23:37,161 [Worker-28: Creating maven-archetype-quickstart] INFO  o.e.m.j.i.AbstractJavaProjectConfigurator - Adding source folder /maven_project1/src/main/java
2024-12-11 10:23:37,169 [Worker-28: Creating maven-archetype-quickstart] INFO  o.e.m.j.i.AbstractJavaProjectConfigurator - Adding resource folder /maven_project1/src/main/resources
2024-12-11 10:23:37,190 [Worker-28: Creating maven-archetype-quickstart] INFO  o.e.m.j.i.AbstractJavaProjectConfigurator - Adding source folder /maven_project1/src/test/java
2024-12-11 10:23:37,192 [Worker-28: Creating maven-archetype-quickstart] INFO  o.e.m.j.i.AbstractJavaProjectConfigurator - Adding resource folder /maven_project1/src/test/resources
2024-12-11 10:23:37,720 [Worker-28: Creating maven-archetype-quickstart] INFO  o.e.m.c.i.p.ProjectConfigurationManager - Imported and configured 1 project(s) in 6 sec
2024-12-11 10:23:39,061 [Worker-34: Building] INFO  o.a.m.s.f.DefaultMavenResourcesFiltering - skip non existing resourceDirectory C:\eclipse_workspace_11980\maven_project1\src\main\resources
2024-12-11 10:23:39,071 [Worker-34: Building] INFO  o.a.m.s.f.DefaultMavenResourcesFiltering - skip non existing resourceDirectory C:\eclipse_workspace_11980\maven_project1\src\test\resources
2024-12-11 10:36:31,491 [Worker-41: Building] INFO  o.e.m.c.i.l.LifecycleMappingFactory - Using org.eclipse.m2e.jdt.JarLifecycleMapping lifecycle mapping for MavenProject: com.edubridge:maven_project1:0.0.1-SNAPSHOT @ C:\eclipse_workspace_11980\maven_project1\pom.xml.
2024-12-11 10:36:32,148 [Worker-41: Building] INFO  o.a.m.s.f.DefaultMavenResourcesFiltering - skip non existing resourceDirectory C:\eclipse_workspace_11980\maven_project1\src\main\resources
2024-12-11 10:36:32,156 [Worker-41: Building] INFO  o.a.m.s.f.DefaultMavenResourcesFiltering - skip non existing resourceDirectory C:\eclipse_workspace_11980\maven_project1\src\test\resources
2024-12-11 10:36:34,415 [Worker-42: Building] INFO  o.a.m.s.f.DefaultMavenResourcesFiltering - skip non existing resourceDirectory C:\eclipse_workspace_11980\maven_project1\src\main\resources
2024-12-11 10:36:34,423 [Worker-42: Building] INFO  o.a.m.s.f.DefaultMavenResourcesFiltering - skip non existing resourceDirectory C:\eclipse_workspace_11980\maven_project1\src\test\resources
2024-12-11 10:37:23,936 [Worker-43: Building] INFO  o.e.m.c.i.l.LifecycleMappingFactory - Using org.eclipse.m2e.jdt.JarLifecycleMapping lifecycle mapping for MavenProject: com.edubridge:maven_project1:0.0.1-SNAPSHOT @ C:\eclipse_workspace_11980\maven_project1\pom.xml.
2024-12-11 10:37:24,206 [Worker-43: Building] INFO  o.a.m.s.f.DefaultMavenResourcesFiltering - skip non existing resourceDirectory C:\eclipse_workspace_11980\maven_project1\src\main\resources
2024-12-11 10:37:24,212 [Worker-43: Building] INFO  o.a.m.s.f.DefaultMavenResourcesFiltering - skip non existing resourceDirectory C:\eclipse_workspace_11980\maven_project1\src\test\resources
2024-12-11 10:37:26,467 [Worker-42: Building] INFO  o.a.m.s.f.DefaultMavenResourcesFiltering - skip non existing resourceDirectory C:\eclipse_workspace_11980\maven_project1\src\main\resources
2024-12-11 10:37:26,472 [Worker-42: Building] INFO  o.a.m.s.f.DefaultMavenResourcesFiltering - skip non existing resourceDirectory C:\eclipse_workspace_11980\maven_project1\src\test\resources
2024-12-11 10:37:38,848 [Worker-43: Building] INFO  o.e.m.c.i.l.LifecycleMappingFactory - Using org.eclipse.m2e.jdt.JarLifecycleMapping lifecycle mapping for MavenProject: com.edubridge:maven_project1:0.0.1-SNAPSHOT @ C:\eclipse_workspace_11980\maven_project1\pom.xml.
2024-12-11 10:37:39,156 [Worker-43: Building] INFO  o.a.m.s.f.DefaultMavenResourcesFiltering - skip non existing resourceDirectory C:\eclipse_workspace_11980\maven_project1\src\main\resources
2024-12-11 10:37:39,164 [Worker-43: Building] INFO  o.a.m.s.f.DefaultMavenResourcesFiltering - skip non existing resourceDirectory C:\eclipse_workspace_11980\maven_project1\src\test\resources
2024-12-11 10:37:41,699 [Worker-40: Building] INFO  o.a.m.s.f.DefaultMavenResourcesFiltering - skip non existing resourceDirectory C:\eclipse_workspace_11980\maven_project1\src\main\resources
2024-12-11 10:37:41,702 [Worker-40: Building] INFO  o.a.m.s.f.DefaultMavenResourcesFiltering - skip non existing resourceDirectory C:\eclipse_workspace_11980\maven_project1\src\test\resources
2024-12-11 10:38:11,371 [Worker-41: Building] INFO  o.e.m.c.i.l.LifecycleMappingFactory - Using org.eclipse.m2e.jdt.JarLifecycleMapping lifecycle mapping for MavenProject: com.edubridge:maven_project1:0.0.1-SNAPSHOT @ C:\eclipse_workspace_11980\maven_project1\pom.xml.
2024-12-11 10:38:11,780 [Worker-41: Building] INFO  o.a.m.s.f.DefaultMavenResourcesFiltering - skip non existing resourceDirectory C:\eclipse_workspace_11980\maven_project1\src\main\resources
2024-12-11 10:38:11,787 [Worker-41: Building] INFO  o.a.m.s.f.DefaultMavenResourcesFiltering - skip non existing resourceDirectory C:\eclipse_workspace_11980\maven_project1\src\test\resources
2024-12-11 10:40:15,519 [Worker-42: Building] INFO  o.e.m.c.i.l.LifecycleMappingFactory - Using org.eclipse.m2e.jdt.JarLifecycleMapping lifecycle mapping for MavenProject: com.edubridge:maven_project1:0.0.1-SNAPSHOT @ C:\eclipse_workspace_11980\maven_project1\pom.xml.
2024-12-11 10:40:15,806 [Worker-42: Building] INFO  o.a.m.s.f.DefaultMavenResourcesFiltering - skip non existing resourceDirectory C:\eclipse_workspace_11980\maven_project1\src\main\resources
2024-12-11 10:40:15,818 [Worker-42: Building] INFO  o.a.m.s.f.DefaultMavenResourcesFiltering - skip non existing resourceDirectory C:\eclipse_workspace_11980\maven_project1\src\test\resources
2024-12-11 10:42:16,540 [Worker-41: Updating Maven Project] INFO  o.e.m.c.i.p.ProjectConfigurationManager - Update started
2024-12-11 10:42:17,015 [Worker-41: Updating Maven Project] INFO  o.e.m.c.i.l.LifecycleMappingFactory - Using org.eclipse.m2e.jdt.JarLifecycleMapping lifecycle mapping for MavenProject: com.edubridge:maven_project1:0.0.1-SNAPSHOT @ C:\eclipse_workspace_11980\maven_project1\pom.xml.
2024-12-11 10:42:17,337 [Worker-41: Updating Maven Project] INFO  o.e.m.j.i.AbstractJavaProjectConfigurator - Adding source folder /maven_project1/src/main/java
2024-12-11 10:42:17,339 [Worker-41: Updating Maven Project] INFO  o.e.m.j.i.AbstractJavaProjectConfigurator - Adding resource folder /maven_project1/src/main/resources
2024-12-11 10:42:17,339 [Worker-41: Updating Maven Project] INFO  o.e.m.j.i.AbstractJavaProjectConfigurator - Adding source folder /maven_project1/src/test/java
2024-12-11 10:42:17,340 [Worker-41: Updating Maven Project] INFO  o.e.m.j.i.AbstractJavaProjectConfigurator - Adding resource folder /maven_project1/src/test/resources
2024-12-11 10:42:18,047 [Worker-41: Updating Maven Project] INFO  o.e.m.c.i.p.ProjectConfigurationManager - Update completed for 1 poms: local refresh takes 0.00 sec, refresh facades takes 0.00 sec, update config takes 0.00 sec 
2024-12-11 10:42:18,299 [Worker-40: Building] INFO  o.a.m.s.f.DefaultMavenResourcesFiltering - skip non existing resourceDirectory C:\eclipse_workspace_11980\maven_project1\src\main\resources
2024-12-11 10:42:18,303 [Worker-40: Building] INFO  o.a.m.s.f.DefaultMavenResourcesFiltering - skip non existing resourceDirectory C:\eclipse_workspace_11980\maven_project1\src\test\resources
2024-12-11 10:43:00,816 [Worker-44: Updating Maven Project] INFO  o.e.m.c.i.p.ProjectConfigurationManager - Update started
2024-12-11 10:43:01,237 [Worker-44: Updating Maven Project] INFO  o.e.m.c.i.l.LifecycleMappingFactory - Using org.eclipse.m2e.jdt.JarLifecycleMapping lifecycle mapping for MavenProject: com.edubridge:maven_project1:0.0.1-SNAPSHOT @ C:\eclipse_workspace_11980\maven_project1\pom.xml.
2024-12-11 10:43:01,506 [Worker-44: Updating Maven Project] INFO  o.e.m.j.i.AbstractJavaProjectConfigurator - Adding source folder /maven_project1/src/main/java
2024-12-11 10:43:01,507 [Worker-44: Updating Maven Project] INFO  o.e.m.j.i.AbstractJavaProjectConfigurator - Adding resource folder /maven_project1/src/main/resources
2024-12-11 10:43:01,508 [Worker-44: Updating Maven Project] INFO  o.e.m.j.i.AbstractJavaProjectConfigurator - Adding source folder /maven_project1/src/test/java
2024-12-11 10:43:01,508 [Worker-44: Updating Maven Project] INFO  o.e.m.j.i.AbstractJavaProjectConfigurator - Adding resource folder /maven_project1/src/test/resources
2024-12-11 10:43:01,591 [Worker-44: Updating Maven Project] INFO  o.e.m.c.i.p.ProjectConfigurationManager - Update completed for 1 poms: local refresh takes 0.00 sec, refresh facades takes 0.00 sec, update config takes 0.00 sec 
2024-12-11 10:43:01,927 [Worker-40: Building] INFO  o.a.m.s.f.DefaultMavenResourcesFiltering - skip non existing resourceDirectory C:\eclipse_workspace_11980\maven_project1\src\main\resources
2024-12-11 10:43:01,932 [Worker-40: Building] INFO  o.a.m.s.f.DefaultMavenResourcesFiltering - skip non existing resourceDirectory C:\eclipse_workspace_11980\maven_project1\src\test\resources
2024-12-11 10:50:16,384 [Worker-48: Building] INFO  o.a.m.s.f.DefaultMavenResourcesFiltering - skip non existing resourceDirectory C:\eclipse_workspace_11980\maven_project1\src\main\resources
2024-12-11 10:50:16,398 [Worker-48: Building] INFO  o.a.m.s.f.DefaultMavenResourcesFiltering - skip non existing resourceDirectory C:\eclipse_workspace_11980\maven_project1\src\test\resources
2024-12-11 10:50:47,731 [Worker-48: Building] INFO  o.a.m.s.f.DefaultMavenResourcesFiltering - skip non existing resourceDirectory C:\eclipse_workspace_11980\maven_project1\src\main\resources
2024-12-11 10:50:47,734 [Worker-48: Building] INFO  o.a.m.s.f.DefaultMavenResourcesFiltering - skip non existing resourceDirectory C:\eclipse_workspace_11980\maven_project1\src\test\resources
2024-12-11 10:51:31,011 [Worker-48: Building] INFO  o.a.m.s.f.DefaultMavenResourcesFiltering - skip non existing resourceDirectory C:\eclipse_workspace_11980\maven_project1\src\main\resources
2024-12-11 10:51:31,015 [Worker-48: Building] INFO  o.a.m.s.f.DefaultMavenResourcesFiltering - skip non existing resourceDirectory C:\eclipse_workspace_11980\maven_project1\src\test\resources
2024-12-11 10:56:01,757 [Worker-46: Building] INFO  o.a.m.s.f.DefaultMavenResourcesFiltering - skip non existing resourceDirectory C:\eclipse_workspace_11980\maven_project1\src\main\resources
2024-12-11 10:56:01,765 [Worker-46: Building] INFO  o.a.m.s.f.DefaultMavenResourcesFiltering - skip non existing resourceDirectory C:\eclipse_workspace_11980\maven_project1\src\test\resources
2024-12-11 10:56:47,681 [Worker-53: Building] INFO  o.a.m.s.f.DefaultMavenResourcesFiltering - skip non existing resourceDirectory C:\eclipse_workspace_11980\maven_project1\src\main\resources
2024-12-11 10:56:47,684 [Worker-53: Building] INFO  o.a.m.s.f.DefaultMavenResourcesFiltering - skip non existing resourceDirectory C:\eclipse_workspace_11980\maven_project1\src\test\resources
2024-12-11 11:04:10,350 [Worker-46: Building] INFO  o.e.m.c.i.l.LifecycleMappingFactory - Using org.eclipse.m2e.jdt.JarLifecycleMapping lifecycle mapping for MavenProject: com.edubridge:maven_project1:0.0.1-SNAPSHOT @ C:\eclipse_workspace_11980\maven_project1\pom.xml.
2024-12-11 11:04:11,037 [Worker-46: Building] INFO  o.a.m.s.f.DefaultMavenResourcesFiltering - skip non existing resourceDirectory C:\eclipse_workspace_11980\maven_project1\src\main\resources
2024-12-11 11:04:11,077 [Worker-46: Building] INFO  o.a.m.s.f.DefaultMavenResourcesFiltering - skip non existing resourceDirectory C:\eclipse_workspace_11980\maven_project1\src\test\resources
2024-12-11 11:04:12,599 [Worker-56: Building] INFO  o.a.m.s.f.DefaultMavenResourcesFiltering - skip non existing resourceDirectory C:\eclipse_workspace_11980\maven_project1\src\main\resources
2024-12-11 11:04:12,603 [Worker-56: Building] INFO  o.a.m.s.f.DefaultMavenResourcesFiltering - skip non existing resourceDirectory C:\eclipse_workspace_11980\maven_project1\src\test\resources
2024-12-11 11:05:32,245 [Worker-48: Building] INFO  o.e.m.c.i.l.LifecycleMappingFactory - Using org.eclipse.m2e.jdt.JarLifecycleMapping lifecycle mapping for MavenProject: com.edubridge:maven_project1:0.0.1-SNAPSHOT @ C:\eclipse_workspace_11980\maven_project1\pom.xml.
2024-12-11 11:05:32,560 [Worker-48: Building] INFO  o.a.m.s.f.DefaultMavenResourcesFiltering - skip non existing resourceDirectory C:\eclipse_workspace_11980\maven_project1\src\main\resources
2024-12-11 11:05:32,566 [Worker-48: Building] INFO  o.a.m.s.f.DefaultMavenResourcesFiltering - skip non existing resourceDirectory C:\eclipse_workspace_11980\maven_project1\src\test\resources
2024-12-11 11:06:53,288 [Worker-57: Building] INFO  o.e.m.c.i.l.LifecycleMappingFactory - Using org.eclipse.m2e.jdt.JarLifecycleMapping lifecycle mapping for MavenProject: com.edubridge:maven_project1:0.0.1-SNAPSHOT @ C:\eclipse_workspace_11980\maven_project1\pom.xml.
2024-12-11 11:06:53,587 [Worker-57: Building] INFO  o.a.m.s.f.DefaultMavenResourcesFiltering - skip non existing resourceDirectory C:\eclipse_workspace_11980\maven_project1\src\main\resources
2024-12-11 11:06:53,589 [Worker-57: Building] INFO  o.a.m.s.f.DefaultMavenResourcesFiltering - skip non existing resourceDirectory C:\eclipse_workspace_11980\maven_project1\src\test\resources
2024-12-11 11:06:54,796 [Worker-46: Building] INFO  o.a.m.s.f.DefaultMavenResourcesFiltering - skip non existing resourceDirectory C:\eclipse_workspace_11980\maven_project1\src\main\resources
2024-12-11 11:06:54,799 [Worker-46: Building] INFO  o.a.m.s.f.DefaultMavenResourcesFiltering - skip non existing resourceDirectory C:\eclipse_workspace_11980\maven_project1\src\test\resources
2024-12-11 11:07:39,628 [Worker-58: Building] INFO  o.a.m.s.f.DefaultMavenResourcesFiltering - skip non existing resourceDirectory C:\eclipse_workspace_11980\maven_project1\src\main\resources
2024-12-11 11:07:39,632 [Worker-58: Building] INFO  o.a.m.s.f.DefaultMavenResourcesFiltering - skip non existing resourceDirectory C:\eclipse_workspace_11980\maven_project1\src\test\resources
2024-12-11 11:08:05,850 [Worker-58: Building] INFO  o.a.m.s.f.DefaultMavenResourcesFiltering - skip non existing resourceDirectory C:\eclipse_workspace_11980\maven_project1\src\main\resources
2024-12-11 11:08:05,853 [Worker-58: Building] INFO  o.a.m.s.f.DefaultMavenResourcesFiltering - skip non existing resourceDirectory C:\eclipse_workspace_11980\maven_project1\src\test\resources
2024-12-11 11:08:21,015 [Worker-46: Building] INFO  o.e.m.c.i.l.LifecycleMappingFactory - Using org.eclipse.m2e.jdt.JarLifecycleMapping lifecycle mapping for MavenProject: com.edubridge:maven_project1:0.0.1-SNAPSHOT @ C:\eclipse_workspace_11980\maven_project1\pom.xml.
2024-12-11 11:08:21,351 [Worker-46: Building] INFO  o.a.m.s.f.DefaultMavenResourcesFiltering - skip non existing resourceDirectory C:\eclipse_workspace_11980\maven_project1\src\main\resources
2024-12-11 11:08:21,357 [Worker-46: Building] INFO  o.a.m.s.f.DefaultMavenResourcesFiltering - skip non existing resourceDirectory C:\eclipse_workspace_11980\maven_project1\src\test\resources
2024-12-11 11:09:18,343 [Worker-48: Building] INFO  o.a.m.s.f.DefaultMavenResourcesFiltering - skip non existing resourceDirectory C:\eclipse_workspace_11980\maven_project1\src\main\resources
2024-12-11 11:09:18,346 [Worker-48: Building] INFO  o.a.m.s.f.DefaultMavenResourcesFiltering - skip non existing resourceDirectory C:\eclipse_workspace_11980\maven_project1\src\test\resources
2024-12-11 11:11:43,849 [Worker-57: Building] INFO  o.a.m.s.f.DefaultMavenResourcesFiltering - skip non existing resourceDirectory C:\eclipse_workspace_11980\maven_project1\src\main\resources
2024-12-11 11:11:43,852 [Worker-57: Building] INFO  o.a.m.s.f.DefaultMavenResourcesFiltering - skip non existing resourceDirectory C:\eclipse_workspace_11980\maven_project1\src\test\resources
2024-12-11 11:12:27,893 [Worker-56: Building] INFO  o.a.m.s.f.DefaultMavenResourcesFiltering - skip non existing resourceDirectory C:\eclipse_workspace_11980\maven_project1\src\main\resources
2024-12-11 11:12:27,896 [Worker-56: Building] INFO  o.a.m.s.f.DefaultMavenResourcesFiltering - skip non existing resourceDirectory C:\eclipse_workspace_11980\maven_project1\src\test\resources
2024-12-11 11:14:15,672 [Worker-58: Building] INFO  o.a.m.s.f.DefaultMavenResourcesFiltering - skip non existing resourceDirectory C:\eclipse_workspace_11980\maven_project1\src\main\resources
2024-12-11 11:14:15,675 [Worker-58: Building] INFO  o.a.m.s.f.DefaultMavenResourcesFiltering - skip non existing resourceDirectory C:\eclipse_workspace_11980\maven_project1\src\test\resources
2024-12-11 11:15:59,515 [Worker-56: Building] INFO  o.a.m.s.f.DefaultMavenResourcesFiltering - skip non existing resourceDirectory C:\eclipse_workspace_11980\maven_project1\src\main\resources
2024-12-11 11:15:59,519 [Worker-56: Building] INFO  o.a.m.s.f.DefaultMavenResourcesFiltering - skip non existing resourceDirectory C:\eclipse_workspace_11980\maven_project1\src\test\resources
2024-12-11 11:16:13,828 [Worker-48: Building] INFO  o.a.m.s.f.DefaultMavenResourcesFiltering - skip non existing resourceDirectory C:\eclipse_workspace_11980\maven_project1\src\main\resources
2024-12-11 11:16:13,830 [Worker-48: Building] INFO  o.a.m.s.f.DefaultMavenResourcesFiltering - skip non existing resourceDirectory C:\eclipse_workspace_11980\maven_project1\src\test\resources
2024-12-11 11:16:52,967 [Worker-58: Building] INFO  o.a.m.s.f.DefaultMavenResourcesFiltering - skip non existing resourceDirectory C:\eclipse_workspace_11980\maven_project1\src\main\resources
2024-12-11 11:16:52,969 [Worker-58: Building] INFO  o.a.m.s.f.DefaultMavenResourcesFiltering - skip non existing resourceDirectory C:\eclipse_workspace_11980\maven_project1\src\test\resources
2024-12-12 10:21:16,679 [Worker-16: Loading available Gradle versions] INFO  o.e.b.c.i.u.g.PublishedGradleVersions - Gradle version information cache is up-to-date. Trying to read.
2024-12-12 10:27:18,112 [Worker-17: Building] INFO  o.a.m.s.f.DefaultMavenResourcesFiltering - skip non existing resourceDirectory C:\eclipse_workspace_11980\maven_project1\src\main\resources
2024-12-12 10:27:18,121 [Worker-17: Building] INFO  o.a.m.s.f.DefaultMavenResourcesFiltering - skip non existing resourceDirectory C:\eclipse_workspace_11980\maven_project1\src\test\resources
2024-12-12 10:28:05,620 [Worker-17: Building] INFO  o.a.m.s.f.DefaultMavenResourcesFiltering - skip non existing resourceDirectory C:\eclipse_workspace_11980\maven_project1\src\main\resources
2024-12-12 10:28:05,625 [Worker-17: Building] INFO  o.a.m.s.f.DefaultMavenResourcesFiltering - skip non existing resourceDirectory C:\eclipse_workspace_11980\maven_project1\src\test\resources
2024-12-12 10:31:06,346 [Worker-2: Building] INFO  o.a.m.s.f.DefaultMavenResourcesFiltering - skip non existing resourceDirectory C:\eclipse_workspace_11980\maven_project1\src\main\resources
2024-12-12 10:31:06,352 [Worker-2: Building] INFO  o.a.m.s.f.DefaultMavenResourcesFiltering - skip non existing resourceDirectory C:\eclipse_workspace_11980\maven_project1\src\test\resources
2024-12-12 10:32:52,085 [Worker-17: Building] INFO  o.a.m.s.f.DefaultMavenResourcesFiltering - skip non existing resourceDirectory C:\eclipse_workspace_11980\maven_project1\src\main\resources
2024-12-12 10:32:52,090 [Worker-17: Building] INFO  o.a.m.s.f.DefaultMavenResourcesFiltering - skip non existing resourceDirectory C:\eclipse_workspace_11980\maven_project1\src\test\resources
2024-12-12 10:43:00,302 [Worker-17: Building] INFO  o.a.m.s.f.DefaultMavenResourcesFiltering - skip non existing resourceDirectory C:\eclipse_workspace_11980\maven_project1\src\main\resources
2024-12-12 10:43:00,317 [Worker-17: Building] INFO  o.a.m.s.f.DefaultMavenResourcesFiltering - skip non existing resourceDirectory C:\eclipse_workspace_11980\maven_project1\src\test\resources
2024-12-12 10:45:38,343 [Worker-22: Building] INFO  o.a.m.s.f.DefaultMavenResourcesFiltering - skip non existing resourceDirectory C:\eclipse_workspace_11980\maven_project1\src\main\resources
2024-12-12 10:45:38,349 [Worker-22: Building] INFO  o.a.m.s.f.DefaultMavenResourcesFiltering - skip non existing resourceDirectory C:\eclipse_workspace_11980\maven_project1\src\test\resources
2024-12-12 10:47:09,380 [Worker-20: Building] INFO  o.a.m.s.f.DefaultMavenResourcesFiltering - skip non existing resourceDirectory C:\eclipse_workspace_11980\maven_project1\src\main\resources
2024-12-12 10:47:09,399 [Worker-20: Building] INFO  o.a.m.s.f.DefaultMavenResourcesFiltering - skip non existing resourceDirectory C:\eclipse_workspace_11980\maven_project1\src\test\resources
2024-12-12 10:50:28,059 [Worker-21: Building] INFO  o.a.m.s.f.DefaultMavenResourcesFiltering - skip non existing resourceDirectory C:\eclipse_workspace_11980\maven_project1\src\main\resources
2024-12-12 10:50:28,064 [Worker-21: Building] INFO  o.a.m.s.f.DefaultMavenResourcesFiltering - skip non existing resourceDirectory C:\eclipse_workspace_11980\maven_project1\src\test\resources
2024-12-12 10:51:25,222 [Worker-23: Building] INFO  o.a.m.s.f.DefaultMavenResourcesFiltering - skip non existing resourceDirectory C:\eclipse_workspace_11980\maven_project1\src\main\resources
2024-12-12 10:51:25,227 [Worker-23: Building] INFO  o.a.m.s.f.DefaultMavenResourcesFiltering - skip non existing resourceDirectory C:\eclipse_workspace_11980\maven_project1\src\test\resources
2024-12-12 10:51:47,475 [Worker-19: Building] INFO  o.a.m.s.f.DefaultMavenResourcesFiltering - skip non existing resourceDirectory C:\eclipse_workspace_11980\maven_project1\src\main\resources
2024-12-12 10:51:47,480 [Worker-19: Building] INFO  o.a.m.s.f.DefaultMavenResourcesFiltering - skip non existing resourceDirectory C:\eclipse_workspace_11980\maven_project1\src\test\resources
2024-12-12 10:52:36,659 [Worker-20: Building] INFO  o.a.m.s.f.DefaultMavenResourcesFiltering - skip non existing resourceDirectory C:\eclipse_workspace_11980\maven_project1\src\main\resources
2024-12-12 10:52:36,663 [Worker-20: Building] INFO  o.a.m.s.f.DefaultMavenResourcesFiltering - skip non existing resourceDirectory C:\eclipse_workspace_11980\maven_project1\src\test\resources
2024-12-12 10:52:59,576 [Worker-21: Building] INFO  o.a.m.s.f.DefaultMavenResourcesFiltering - skip non existing resourceDirectory C:\eclipse_workspace_11980\maven_project1\src\main\resources
2024-12-12 10:52:59,579 [Worker-21: Building] INFO  o.a.m.s.f.DefaultMavenResourcesFiltering - skip non existing resourceDirectory C:\eclipse_workspace_11980\maven_project1\src\test\resources
2024-12-12 11:15:18,639 [Worker-26: Building] INFO  o.a.m.s.f.DefaultMavenResourcesFiltering - skip non existing resourceDirectory C:\eclipse_workspace_11980\maven_project1\src\main\resources
2024-12-12 11:15:18,644 [Worker-26: Building] INFO  o.a.m.s.f.DefaultMavenResourcesFiltering - skip non existing resourceDirectory C:\eclipse_workspace_11980\maven_project1\src\test\resources
2024-12-12 11:15:21,045 [Worker-26: Building] INFO  o.a.m.s.f.DefaultMavenResourcesFiltering - skip non existing resourceDirectory C:\eclipse_workspace_11980\maven_project1\src\main\resources
2024-12-12 11:15:21,050 [Worker-26: Building] INFO  o.a.m.s.f.DefaultMavenResourcesFiltering - skip non existing resourceDirectory C:\eclipse_workspace_11980\maven_project1\src\test\resources
2024-12-12 11:16:28,332 [Worker-17: Building] INFO  o.a.m.s.f.DefaultMavenResourcesFiltering - skip non existing resourceDirectory C:\eclipse_workspace_11980\maven_project1\src\main\resources
2024-12-12 11:16:28,337 [Worker-17: Building] INFO  o.a.m.s.f.DefaultMavenResourcesFiltering - skip non existing resourceDirectory C:\eclipse_workspace_11980\maven_project1\src\test\resources
2024-12-12 11:16:49,838 [Worker-17: Building] INFO  o.a.m.s.f.DefaultMavenResourcesFiltering - skip non existing resourceDirectory C:\eclipse_workspace_11980\maven_project1\src\main\resources
2024-12-12 11:16:49,841 [Worker-17: Building] INFO  o.a.m.s.f.DefaultMavenResourcesFiltering - skip non existing resourceDirectory C:\eclipse_workspace_11980\maven_project1\src\test\resources
2024-12-12 11:19:26,774 [Worker-17: Building] INFO  o.a.m.s.f.DefaultMavenResourcesFiltering - skip non existing resourceDirectory C:\eclipse_workspace_11980\maven_project1\src\main\resources
2024-12-12 11:19:26,779 [Worker-17: Building] INFO  o.a.m.s.f.DefaultMavenResourcesFiltering - skip non existing resourceDirectory C:\eclipse_workspace_11980\maven_project1\src\test\resources
2024-12-12 11:20:31,894 [Worker-27: Building] INFO  o.a.m.s.f.DefaultMavenResourcesFiltering - skip non existing resourceDirectory C:\eclipse_workspace_11980\maven_project1\src\main\resources
2024-12-12 11:20:31,899 [Worker-27: Building] INFO  o.a.m.s.f.DefaultMavenResourcesFiltering - skip non existing resourceDirectory C:\eclipse_workspace_11980\maven_project1\src\test\resources
